<?xml version="1.0" encoding="UTF-8"?>
<!-- Generated by org.testng.reporters.JUnitReportReporter -->
<testsuite skipped="0" hostname="DESKTOP-10QAI0L" name="PracticePackage.PracticeClass2" tests="1" failures="0" timestamp="2022-07-23T13:15:02 IST" time="0.044" errors="0">
  <testcase name="vignesh" time="0.044" classname="PracticePackage.PracticeClass2"/>
  <system-out/>
</testsuite> <!-- PracticePackage.PracticeClass2 -->
